<?xml version="1.0" encoding="UTF-8"?>
<!-- Generated by org.testng.reporters.JUnitReportReporter -->
<testsuite hostname="fernando-GL552VW" failures="0" tests="1" name="com.moondesk.test.UserTestSignIn" time="36.809" errors="0" timestamp="27 Mar 2021 14:12:31 GMT" skipped="0">
  <testcase classname="com.moondesk.test.UserTestSignIn" name="loginAccountNotVerified" time="36.809"/>
</testsuite> <!-- com.moondesk.test.UserTestSignIn -->
