<?xml version="1.0" encoding="UTF-8"?>
<!-- Generated by org.testng.reporters.JUnitReportReporter -->
<testsuite hostname="fernando-GL552VW" failures="0" tests="4" name="com.moondesk.test.UserTest" time="17.968" errors="0" timestamp="26 Mar 2021 04:44:27 GMT" skipped="0">
  <testcase classname="com.moondesk.test.UserTest" name="login" time="6.412"/>
  <testcase classname="com.moondesk.test.UserTest" name="invaliddata" time="4.105"/>
  <testcase classname="com.moondesk.test.UserTest" name="invalidaccount" time="3.402"/>
  <testcase classname="com.moondesk.test.UserTest" name="wrongpassword" time="4.049"/>
</testsuite> <!-- com.moondesk.test.UserTest -->
